生成启动时间为 2017/7/14 星期五 下午 1:30:25。
     1>项目“D:\bdy\项目-源码\AudioSegment\AudioSegment\AudioSegment.vcxproj”在节点 2 上(rebuild 个目标)。
     1>_PrepareForClean:
         正在删除文件“Debug\AudioSegment.lastbuildstate”。
       InitializeBuildStatus:
         正在对“Debug\AudioSegment.unsuccessfulbuild”执行 Touch 任务。
       Midl:
         C:\Program Files (x86)\Microsoft SDKs\Windows\v7.0A\bin\midl.exe /D _DEBUG /W1 /nologo /char signed /env win32 /h "AudioSegment_h.h" /tlb "Debug\AudioSegment.tlb" /no_robust AudioSegment.idl 
         Processing .\AudioSegment.idl
         AudioSegment.idl
         Processing C:\Program Files (x86)\Microsoft SDKs\Windows\v7.0A\include\oaidl.idl
         oaidl.idl
         Processing C:\Program Files (x86)\Microsoft SDKs\Windows\v7.0A\include\objidl.idl
         objidl.idl
         Processing C:\Program Files (x86)\Microsoft SDKs\Windows\v7.0A\include\unknwn.idl
         unknwn.idl
         Processing C:\Program Files (x86)\Microsoft SDKs\Windows\v7.0A\include\wtypes.idl
         wtypes.idl
         Processing C:\Program Files (x86)\Microsoft SDKs\Windows\v7.0A\include\basetsd.h
         basetsd.h
         Processing C:\Program Files (x86)\Microsoft SDKs\Windows\v7.0A\include\guiddef.h
         guiddef.h
         Processing C:\Program Files (x86)\Microsoft SDKs\Windows\v7.0A\include\oaidl.acf
         oaidl.acf
       ClCompile:
         C:\Program Files (x86)\Microsoft Visual Studio 10.0\VC\bin\CL.exe /c /ZI /nologo /W3 /WX- /Od /Oy- /D WIN32 /D _WINDOWS /D _DEBUG /D _MBCS /Gm /EHsc /RTC1 /MTd /Zp2 /GS /fp:precise /Zc:wchar_t /Zc:forScope /Yc"StdAfx.h" /Fp"Debug\AudioSegment.pch" /Fo"Debug\\" /Fd"Debug\vc100.pdb" /Gd /TP /analyze- /errorReport:prompt stdafx.cpp
         stdafx.cpp
         C:\Program Files (x86)\Microsoft Visual Studio 10.0\VC\bin\CL.exe /c /ZI /nologo /W3 /WX- /Od /Oy- /D WIN32 /D _WINDOWS /D _DEBUG /D _MBCS /Gm /EHsc /RTC1 /MTd /Zp2 /GS /fp:precise /Zc:wchar_t /Zc:forScope /Yu"StdAfx.h" /Fp"Debug\AudioSegment.pch" /Fo"Debug\\" /Fd"Debug\vc100.pdb" /Gd /TP /analyze- /errorReport:prompt AudioSegment.cpp AudioSegmentDlg.cpp AutoSegmenter.cpp DlgProxy.cpp WaveIO.cpp
         WaveIO.cpp
     1>d:\bdy\项目-源码\audiosegment\audiosegment\waveio.cpp(21): warning C4996: 'fopen': This function or variable may be unsafe. Consider using fopen_s instead. To disable deprecation, use _CRT_SECURE_NO_WARNINGS. See online help for details.
                 c:\program files (x86)\microsoft visual studio 10.0\vc\include\stdio.h(234) : 参见“fopen”的声明
     1>d:\bdy\项目-源码\audiosegment\audiosegment\waveio.cpp(95): warning C4996: 'fopen': This function or variable may be unsafe. Consider using fopen_s instead. To disable deprecation, use _CRT_SECURE_NO_WARNINGS. See online help for details.
                 c:\program files (x86)\microsoft visual studio 10.0\vc\include\stdio.h(234) : 参见“fopen”的声明
         DlgProxy.cpp
         AutoSegmenter.cpp
         AudioSegmentDlg.cpp
         AudioSegment.cpp
         正在生成代码...
       ResourceCompile:
         C:\Program Files (x86)\Microsoft SDKs\Windows\v7.0A\bin\rc.exe /D _DEBUG /l"0x0804" /IDebug\ /nologo /fo"Debug\AudioSegment.res" AudioSegment.rc 
       ManifestResourceCompile:
         C:\Program Files (x86)\Microsoft SDKs\Windows\v7.0A\bin\rc.exe /nologo /fo"Debug\AudioSegment.exe.embed.manifest.res" Debug\AudioSegment_manifest.rc 
       Link:
         C:\Program Files (x86)\Microsoft Visual Studio 10.0\VC\bin\link.exe /ERRORREPORT:PROMPT /OUT:"D:\bdy\项目-源码\AudioSegment\Debug\AudioSegment.exe" /INCREMENTAL /NOLOGO /MANIFEST /ManifestFile:"Debug\AudioSegment.exe.intermediate.manifest" /MANIFESTUAC:"level='asInvoker' uiAccess='false'" /DEBUG /PDB:"D:\bdy\项目-源码\AudioSegment\Debug\AudioSegment.pdb" /SUBSYSTEM:WINDOWS /HEAP:"400000000" /LARGEADDRESSAWARE /TLBID:1 /DYNAMICBASE:NO /IMPLIB:"D:\bdy\项目-源码\AudioSegment\Debug\AudioSegment.lib" /MACHINE:X86 Debug\AudioSegment.res
         Debug\AudioSegment.exe.embed.manifest.res
         Debug\AudioSegment.obj
         Debug\AudioSegmentDlg.obj
         Debug\AutoSegmenter.obj
         Debug\DlgProxy.obj
         Debug\stdafx.obj
         Debug\WaveIO.obj
       Manifest:
         正在删除文件“Debug\AudioSegment.exe.embed.manifest”。
         C:\Program Files (x86)\Microsoft SDKs\Windows\v7.0A\bin\mt.exe /nologo /verbose /out:"Debug\AudioSegment.exe.embed.manifest" /manifest Debug\AudioSegment.exe.intermediate.manifest "C:\Program Files (x86)\Microsoft Visual Studio 10.0\VC\Include\Manifest\dpiaware.manifest"
         C:\Program Files (x86)\Microsoft SDKs\Windows\v7.0A\bin\rc.exe /nologo /fo"Debug\AudioSegment.exe.embed.manifest.res" Debug\AudioSegment_manifest.rc 
       LinkEmbedManifest:
         C:\Program Files (x86)\Microsoft Visual Studio 10.0\VC\bin\link.exe /ERRORREPORT:PROMPT /OUT:"D:\bdy\项目-源码\AudioSegment\Debug\AudioSegment.exe" /INCREMENTAL /NOLOGO /MANIFEST /ManifestFile:"Debug\AudioSegment.exe.intermediate.manifest" /MANIFESTUAC:"level='asInvoker' uiAccess='false'" /DEBUG /PDB:"D:\bdy\项目-源码\AudioSegment\Debug\AudioSegment.pdb" /SUBSYSTEM:WINDOWS /HEAP:"400000000" /LARGEADDRESSAWARE /TLBID:1 /DYNAMICBASE:NO /IMPLIB:"D:\bdy\项目-源码\AudioSegment\Debug\AudioSegment.lib" /MACHINE:X86 Debug\AudioSegment.res
         Debug\AudioSegment.exe.embed.manifest.res
         Debug\AudioSegment.obj
         Debug\AudioSegmentDlg.obj
         Debug\AutoSegmenter.obj
         Debug\DlgProxy.obj
         Debug\stdafx.obj
         Debug\WaveIO.obj
         AudioSegment.vcxproj -> D:\bdy\项目-源码\AudioSegment\Debug\AudioSegment.exe
       RegisterOutput:
         "D:\bdy\项目-源码\AudioSegment\Debug\AudioSegment.exe" /RegServer
       FinalizeBuildStatus:
         正在删除文件“Debug\AudioSegment.unsuccessfulbuild”。
         正在对“Debug\AudioSegment.lastbuildstate”执行 Touch 任务。
     1>已完成生成项目“D:\bdy\项目-源码\AudioSegment\AudioSegment\AudioSegment.vcxproj”(rebuild 个目标)的操作。

生成成功。

已用时间 00:00:06.58
