D:\BDY\项目-源码\AUDIOSEGMENT\AUDIOSEGMENT\AUDIOSEGMENT_H.H
D:\BDY\项目-源码\AUDIOSEGMENT\AUDIOSEGMENT\AUDIOSEGMENT_I.C
D:\bdy\项目-源码\AudioSegment\AudioSegment\Debug\AudioSegment.exe.embed.manifest
D:\BDY\项目-源码\AUDIOSEGMENT\AUDIOSEGMENT\DEBUG\AUDIOSEGMENT.EXE.EMBED.MANIFEST.RES
D:\BDY\项目-源码\AUDIOSEGMENT\AUDIOSEGMENT\DEBUG\AUDIOSEGMENT.OBJ
D:\BDY\项目-源码\AUDIOSEGMENT\AUDIOSEGMENT\DEBUG\AUDIOSEGMENT.PCH
D:\BDY\项目-源码\AUDIOSEGMENT\AUDIOSEGMENT\DEBUG\AUDIOSEGMENT.RES
D:\BDY\项目-源码\AUDIOSEGMENT\AUDIOSEGMENT\DEBUG\AUDIOSEGMENT.TLB
D:\bdy\项目-源码\AudioSegment\AudioSegment\Debug\AudioSegment.write.1.tlog
D:\bdy\项目-源码\AudioSegment\AudioSegment\Debug\AudioSegment_manifest.rc
D:\BDY\项目-源码\AUDIOSEGMENT\AUDIOSEGMENT\DEBUG\AUDIOSEGMENTDLG.OBJ
D:\BDY\项目-源码\AUDIOSEGMENT\AUDIOSEGMENT\DEBUG\AUTOSEGMENTER.OBJ
D:\bdy\项目-源码\AudioSegment\AudioSegment\Debug\cl.command.1.tlog
D:\bdy\项目-源码\AudioSegment\AudioSegment\Debug\CL.read.1.tlog
D:\bdy\项目-源码\AudioSegment\AudioSegment\Debug\CL.write.1.tlog
D:\BDY\项目-源码\AUDIOSEGMENT\AUDIOSEGMENT\DEBUG\DLGPROXY.OBJ
D:\bdy\项目-源码\AudioSegment\AudioSegment\Debug\link.command.1.tlog
D:\bdy\项目-源码\AudioSegment\AudioSegment\Debug\link.read.1.tlog
D:\bdy\项目-源码\AudioSegment\AudioSegment\Debug\link.write.1.tlog
D:\bdy\项目-源码\AudioSegment\AudioSegment\Debug\midl.command.1.tlog
D:\bdy\项目-源码\AudioSegment\AudioSegment\Debug\midl.read.1.tlog
D:\bdy\项目-源码\AudioSegment\AudioSegment\Debug\midl.write.1.tlog
D:\bdy\项目-源码\AudioSegment\AudioSegment\Debug\midl-midlc.read.1.tlog
D:\bdy\项目-源码\AudioSegment\AudioSegment\Debug\midl-midlc.write.1.tlog
D:\bdy\项目-源码\AudioSegment\AudioSegment\Debug\midl-midlc-cl.read.1.tlog
D:\bdy\项目-源码\AudioSegment\AudioSegment\Debug\rc.command.1.tlog
D:\bdy\项目-源码\AudioSegment\AudioSegment\Debug\rc.read.1.tlog
D:\bdy\项目-源码\AudioSegment\AudioSegment\Debug\rc.write.1.tlog
D:\BDY\项目-源码\AUDIOSEGMENT\AUDIOSEGMENT\DEBUG\STDAFX.OBJ
D:\bdy\项目-源码\AudioSegment\AudioSegment\Debug\vc100.idb
D:\BDY\项目-源码\AUDIOSEGMENT\AUDIOSEGMENT\DEBUG\VC100.PDB
D:\BDY\项目-源码\AUDIOSEGMENT\AUDIOSEGMENT\DEBUG\WAVEIO.OBJ
