生成启动时间为 2015/7/10 13:25:20。
     1>项目“C:\百度云同步盘\ocean\工具\audioseg\AudioSegment-0710-byhaobo\AudioSegment\AudioSegment\AudioSegment.vcxproj”在节点 2 上(build 个目标)。
     1>InitializeBuildStatus:
         正在创建“Debug\AudioSegment.unsuccessfulbuild”，因为已指定“AlwaysCreate”。
       Midl:
         所有输出均为最新。
       ClCompile:
         所有输出均为最新。
         C:\Program Files (x86)\Microsoft Visual Studio 10.0\VC\bin\CL.exe /c /ZI /nologo /W3 /WX- /Od /Oy- /D WIN32 /D _WINDOWS /D _DEBUG /D _MBCS /Gm /EHsc /RTC1 /MTd /Zp2 /GS /fp:precise /Zc:wchar_t /Zc:forScope /Yu"StdAfx.h" /Fp"Debug\AudioSegment.pch" /Fo"Debug\\" /Fd"Debug\vc100.pdb" /Gd /TP /analyze- /errorReport:prompt AudioSegmentDlg.cpp
         AudioSegmentDlg.cpp
       ResourceCompile:
         所有输出均为最新。
       ManifestResourceCompile:
         所有输出均为最新。
       Link:
         C:\Program Files (x86)\Microsoft Visual Studio 10.0\VC\bin\link.exe /ERRORREPORT:PROMPT /OUT:"C:\百度云同步盘\ocean\工具\audioseg\AudioSegment-0710-byhaobo\AudioSegment\Debug\AudioSegment.exe" /INCREMENTAL /NOLOGO /MANIFEST /ManifestFile:"Debug\AudioSegment.exe.intermediate.manifest" /MANIFESTUAC:"level='asInvoker' uiAccess='false'" /DEBUG /PDB:"C:\百度云同步盘\ocean\工具\audioseg\AudioSegment-0710-byhaobo\AudioSegment\Debug\AudioSegment.pdb" /SUBSYSTEM:WINDOWS /HEAP:"400000000" /LARGEADDRESSAWARE /TLBID:1 /DYNAMICBASE:NO /IMPLIB:"C:\百度云同步盘\ocean\工具\audioseg\AudioSegment-0710-byhaobo\AudioSegment\Debug\AudioSegment.lib" /MACHINE:X86 Debug\AudioSegment.res
         Debug\AudioSegment.exe.embed.manifest.res
         Debug\AudioSegment.obj
         Debug\AudioSegmentDlg.obj
         Debug\AutoSegmenter.obj
         Debug\DlgProxy.obj
         Debug\stdafx.obj
         Debug\WaveIO.obj
       Manifest:
         c:\Program Files (x86)\Microsoft SDKs\Windows\v7.0A\bin\mt.exe /nologo /verbose /out:"Debug\AudioSegment.exe.embed.manifest" /manifest Debug\AudioSegment.exe.intermediate.manifest "C:\Program Files (x86)\Microsoft Visual Studio 10.0\VC\Include\Manifest\dpiaware.manifest"
         所有输出均为最新。
       LinkEmbedManifest:
         所有输出均为最新。
         AudioSegment.vcxproj -> C:\百度云同步盘\ocean\工具\audioseg\AudioSegment-0710-byhaobo\AudioSegment\Debug\AudioSegment.exe
       RegisterOutput:
         "C:\百度云同步盘\ocean\工具\audioseg\AudioSegment-0710-byhaobo\AudioSegment\Debug\AudioSegment.exe" /RegServer
       FinalizeBuildStatus:
         正在删除文件“Debug\AudioSegment.unsuccessfulbuild”。
         正在对“Debug\AudioSegment.lastbuildstate”执行 Touch 任务。
     1>已完成生成项目“C:\百度云同步盘\ocean\工具\audioseg\AudioSegment-0710-byhaobo\AudioSegment\AudioSegment\AudioSegment.vcxproj”(build 个目标)的操作。

生成成功。

已用时间 00:00:05.74
